<?xml version="1.0" encoding="UTF-8"?>
<testng-results ignored="0" total="1" passed="1" failed="0" skipped="0">
  <reporter-output>
  </reporter-output>
  <suite started-at="2023-12-18T01:11:43 IST" name="Default suite" finished-at="2023-12-18T01:11:48 IST" duration-ms="5338">
    <groups>
    </groups>
    <test started-at="2023-12-18T01:11:43 IST" name="Default test" finished-at="2023-12-18T01:11:48 IST" duration-ms="5338">
      <class name="tests.SoapXmlRequest">
        <test-method signature="validateSoapXml()[pri:0, instance:tests.SoapXmlRequest@3a44431a]" started-at="2023-12-18T01:11:43 IST" name="validateSoapXml" finished-at="2023-12-18T01:11:48 IST" duration-ms="5253" status="PASS">
          <reporter-output>
          </reporter-output>
        </test-method> <!-- validateSoapXml -->
      </class> <!-- tests.SoapXmlRequest -->
    </test> <!-- Default test -->
  </suite> <!-- Default suite -->
</testng-results>
